<?xml version="1.0" encoding="UTF-8"?>
<Site BuildName="(empty)"
	BuildStamp="20251224-1114-Experimental"
	Name="lilStone"
	Generator="ctest-3.22.1"
	CompilerName="/usr/bin/g++"
	CompilerVersion="11.4.0"
	OSName="Linux"
	Hostname="lilStone"
	OSRelease="6.6.87.2-microsoft-standard-WSL2"
	OSVersion="#1 SMP PREEMPT_DYNAMIC Thu Jun  5 18:30:46 UTC 2025"
	OSPlatform="x86_64"
	Is64Bits="1"
	VendorString="AuthenticAMD"
	VendorID="Advanced Micro Devices"
	FamilyID="25"
	ModelID="97"
	ProcessorCacheSize="1024"
	NumberOfLogicalCPU="24"
	NumberOfPhysicalCPU="12"
	TotalVirtualMemory="2048"
	TotalPhysicalMemory="7538"
	LogicalProcessorsPerPhysical="2"
	ProcessorClockFrequency="2994.32"
	>
	<Testing>
		<StartDateTime>Dec 24 19:14 CST</StartDateTime>
		<StartTestTime>1766574841</StartTestTime>
		<TestList/>
		<EndDateTime>Dec 24 19:14 CST</EndDateTime>
		<EndTestTime>1766574841</EndTestTime>
		<ElapsedMinutes>0</ElapsedMinutes>
	</Testing>
</Site>
